<?xml version="1.0" encoding="UTF-8"?>
<!-- Generated by org.testng.reporters.JUnitReportReporter -->
<testsuite hostname="DESKTOP-26DI5CC" failures="0" tests="3" name="SearchAddToCartTest" time="16.709" errors="0" timestamp="2022-06-12T16:45:10 EEST" skipped="0">
  <testcase classname="SearchAddToCartTest" name="SearchAddToCart" time="4.996"/>
  <system-out/>
  <testcase classname="SearchAddToCartTest" name="SearchAddToCart" time="6.127"/>
  <system-out/>
  <testcase classname="SearchAddToCartTest" name="SearchAddToCart" time="5.586"/>
  <system-out/>
</testsuite> <!-- SearchAddToCartTest -->
